{"name":"server","port":"3000","hostname":"ivanoff-work","pid":8815,"level":50,"error":121,"msg":"User not found","time":"2015-10-16T09:04:32.834Z","v":0}
{"name":"server","port":"3000","hostname":"ivanoff-work","pid":9345,"level":50,"error":1,"msg":"{\",name\":\"Field \\\"first\\\" is requied, but not found\"}","time":"2015-10-16T09:35:20.281Z","v":0}
{"name":"server","port":"3000","hostname":"ivanoff-work","pid":9367,"level":50,"error":121,"msg":"User not found","time":"2015-10-16T09:37:48.509Z","v":0}
{"name":"server","port":"3000","hostname":"ivanoff-work","pid":20487,"level":50,"error":131,"msg":"Asset not found","time":"2015-10-16T18:55:20.008Z","v":0}
{"name":"server","port":"3000","hostname":"ivanoff-work","pid":20487,"level":50,"error":1,"msg":"{\"\":\"Field \\\"^Cze\\\" not found in registered model\"}","time":"2015-10-16T18:56:37.441Z","v":0}
{"name":"server","port":"3000","hostname":"ivanoff-work","pid":21036,"level":50,"error":131,"msg":"Asset not found","time":"2015-10-16T19:18:37.419Z","v":0}
{"name":"server","port":"3000","hostname":"ivanoff-work","pid":22190,"level":50,"error":131,"msg":"Asset not found","time":"2015-10-16T22:01:22.955Z","v":0}
{"name":"server","port":"3000","hostname":"ivanoff-work","pid":22190,"level":50,"error":131,"msg":"Asset not found","time":"2015-10-16T22:17:03.527Z","v":0}
{"name":"server","port":"3000","hostname":"ivanoff-work","pid":25051,"level":50,"error":131,"msg":"Asset not found","time":"2015-10-16T22:21:47.822Z","v":0}
{"name":"server","port":"3000","hostname":"ivanoff-work","pid":25051,"level":50,"error":131,"msg":"Asset not found","time":"2015-10-16T22:24:29.030Z","v":0}
{"name":"server","port":"3000","hostname":"ivanoff-work","pid":662,"level":50,"error":131,"msg":"Asset not found","time":"2015-10-17T07:13:52.161Z","v":0}
{"name":"server","port":"3000","hostname":"ivanoff-work","pid":662,"level":50,"error":131,"msg":"Asset not found","time":"2015-10-17T07:14:10.786Z","v":0}
{"name":"server","port":"3000","hostname":"ivanoff-work","pid":662,"level":50,"error":131,"msg":"Asset not found","time":"2015-10-17T07:14:27.283Z","v":0}
{"name":"server","port":"3000","hostname":"ivanoff-work","pid":662,"level":50,"error":121,"msg":"User not found","time":"2015-10-17T08:01:52.501Z","v":0}
{"name":"server","port":"3000","hostname":"ivanoff-work","pid":3008,"level":50,"error":121,"msg":"User not found","time":"2015-10-17T08:39:26.167Z","v":0}
{"name":"server","port":"3000","hostname":"ivanoff-work","pid":3008,"level":50,"error":131,"msg":"Asset not found","time":"2015-10-17T08:39:31.705Z","v":0}
{"name":"server","port":"3000","hostname":"ivanoff-work","pid":3008,"level":50,"error":131,"msg":"Asset not found","time":"2015-10-17T08:39:38.755Z","v":0}
{"name":"server","port":"3000","hostname":"ivanoff-work","pid":12404,"level":50,"error":121,"msg":"User not found","time":"2015-10-17T17:27:35.928Z","v":0}
{"name":"server","port":"3000","hostname":"ivanoff-work","pid":12439,"level":50,"error":"USER_NOT_FOUND","msg":"User not found","time":"2015-10-17T17:29:24.185Z","v":0}
{"name":"server","port":"3000","hostname":"ivanoff-work","pid":13010,"level":50,"error":1,"msg":"No users found. Please, use POST to add new user","time":"2015-10-17T17:44:34.126Z","v":0}
{"name":"server","port":"3000","hostname":"ivanoff-work","pid":13024,"level":50,"error":1,"msg":"No users found. Please, use POST to add new user","time":"2015-10-17T17:45:16.097Z","v":0}
{"name":"server","port":"3000","hostname":"ivanoff-work","pid":13045,"level":50,"error":1,"msg":"User not found","time":"2015-10-17T17:46:16.730Z","v":0}
{"name":"server","port":"3000","hostname":"ivanoff-work","pid":13060,"level":50,"error":1,"msg":"{ '121': 'User not found' }","time":"2015-10-17T17:46:55.105Z","v":0}
{"name":"server","port":"3000","hostname":"ivanoff-work","pid":13220,"level":50,"error":1,"msg":"{\",name\":\"Field \\\"first\\\" is requied, but not found\"}","time":"2015-10-17T17:57:55.469Z","v":0}
{"name":"server","port":"3000","hostname":"ivanoff-work","pid":25445,"level":50,"error":1,"msg":"{ '131': 'Asset not found' }","time":"2015-10-19T13:30:18.346Z","v":0}
{"name":"server","port":"3000","hostname":"ivanoff-work","pid":25445,"level":50,"error":1,"msg":"{ '131': 'Asset not found' }","time":"2015-10-19T13:30:23.241Z","v":0}
{"name":"server","port":"3000","hostname":"ivanoff-work","pid":25445,"level":50,"error":1,"msg":"{ '131': 'Asset not found' }","time":"2015-10-19T13:30:23.373Z","v":0}
{"name":"server","port":"3000","hostname":"ivanoff-work","pid":25458,"level":50,"error":1,"msg":"{ '131': 'Asset not found' }","time":"2015-10-19T13:30:30.160Z","v":0}
{"name":"server","port":"3000","hostname":"ivanoff-work","pid":25458,"level":50,"error":1,"msg":"{ '131': 'Asset not found' }","time":"2015-10-19T13:30:30.423Z","v":0}
{"name":"server","port":"3000","hostname":"ivanoff-work","pid":25458,"level":50,"error":1,"msg":"{ '131': 'Asset not found' }","time":"2015-10-19T13:30:30.556Z","v":0}
{"name":"server","port":"3000","hostname":"ivanoff-work","pid":25526,"level":50,"error":1,"msg":"{\"\":\"Field \\\"userId\\\" not matched with type \\\"uuid\\\"\"}","time":"2015-10-19T13:30:59.134Z","v":0}
{"name":"server","port":"3000","hostname":"ivanoff-work","pid":25539,"level":50,"error":1,"msg":"{\"\":\"Field \\\"userId\\\" not matched with type \\\"uuid\\\"\"}","time":"2015-10-19T13:31:12.724Z","v":0}
{"name":"server","port":"3000","hostname":"ivanoff-work","pid":25655,"level":50,"error":1,"msg":"{ '131': 'Asset not found' }","time":"2015-10-19T13:32:09.060Z","v":0}
{"name":"server","port":"3000","hostname":"ivanoff-work","pid":25655,"level":50,"error":1,"msg":"{ '131': 'Asset not found' }","time":"2015-10-19T13:32:09.189Z","v":0}
{"name":"server","port":"3000","hostname":"ivanoff-work","pid":5217,"level":50,"error":1,"msg":"{ '132': 'No assets found. Please, use POST to add new one' }","time":"2015-10-19T22:20:40.907Z","v":0}
{"name":"server","port":"3000","hostname":"ivanoff-work","pid":5217,"level":50,"error":1,"msg":"{ '132': 'No assets found. Please, use POST to add new one' }","time":"2015-10-19T22:22:36.253Z","v":0}
{"name":"server","port":"3000","hostname":"ivanoff-work","pid":5792,"level":50,"error":1,"msg":"{ '132': 'No assets found. Please, use POST to add new one' }","time":"2015-10-19T22:43:31.198Z","v":0}
{"name":"server","port":"3000","hostname":"ivanoff-work","pid":5836,"level":50,"error":1,"msg":"{ '132': 'No assets found. Please, use POST to add new one' }","time":"2015-10-19T22:46:32.021Z","v":0}
{"name":"server","port":"3000","hostname":"ivanoff-work","pid":5925,"level":50,"error":1,"msg":"{ '132': 'No assets found. Please, use POST to add new one' }","time":"2015-10-19T22:52:08.166Z","v":0}
{"name":"server","port":"3000","hostname":"ivanoff-work","pid":21913,"level":50,"error":1,"msg":"{ '131': 'Asset not found' }","time":"2015-10-20T09:40:31.716Z","v":0}
{"name":"server","port":"3000","hostname":"ivanoff-work","pid":22074,"level":50,"error":1,"msg":"{ '131': 'Asset not found' }","time":"2015-10-20T09:53:01.385Z","v":0}
{"name":"server","port":"3000","hostname":"ivanoff-work","pid":22102,"level":50,"error":1,"msg":"{ '131': 'Asset not found' }","time":"2015-10-20T09:54:10.588Z","v":0}
{"name":"server","port":"3000","hostname":"ivanoff-work","pid":22137,"level":50,"error":1,"msg":"{ '131': 'Asset not found' }","time":"2015-10-20T09:55:33.557Z","v":0}
{"name":"server","port":"3000","hostname":"ivanoff-work","pid":22513,"level":50,"error":1,"msg":"{ '131': 'Asset not found' }","time":"2015-10-20T10:09:55.204Z","v":0}
{"name":"server","port":"3000","hostname":"ivanoff-work","pid":22615,"level":50,"error":1,"msg":"{ '131': 'Asset not found' }","time":"2015-10-20T10:19:01.193Z","v":0}
